16:27:17:791  INFO 27032 --- [main] com.mall.HMallApplication               : Starting HMallApplication using Java 11.0.23 on LAPTOP-NL1G80MQ with PID 27032 (E:\Java_Program\Idea\hmall\hm-service\target\classes started by Master in E:\Java_Program\Idea\hmall)
16:27:17:799 DEBUG 27032 --- [main] com.mall.HMallApplication               : Running with Spring Boot v2.7.12, Spring v5.3.27
16:27:17:799  INFO 27032 --- [main] com.mall.HMallApplication               : The following 1 profile is active: "local"
16:27:18:516  INFO 27032 --- [main] .s.d.r.c.RepositoryConfigurationDelegate : Multiple Spring Data modules found, entering strict repository configuration mode
16:27:18:519  INFO 27032 --- [main] .s.d.r.c.RepositoryConfigurationDelegate : Bootstrapping Spring Data Redis repositories in DEFAULT mode.
16:27:18:564  INFO 27032 --- [main] .s.d.r.c.RepositoryConfigurationDelegate : Finished Spring Data repository scanning in 15 ms. Found 0 Redis repository interfaces.
16:27:19:057  INFO 27032 --- [main] o.s.b.w.embedded.tomcat.TomcatWebServer  : Tomcat initialized with port(s): 8080 (http)
16:27:19:064  INFO 27032 --- [main] o.apache.catalina.core.StandardService   : Starting service [Tomcat]
16:27:19:065  INFO 27032 --- [main] org.apache.catalina.core.StandardEngine  : Starting Servlet engine: [Apache Tomcat/9.0.75]
16:27:19:197  INFO 27032 --- [main] o.a.c.c.C.[Tomcat].[localhost].[/]       : Initializing Spring embedded WebApplicationContext
16:27:19:197  INFO 27032 --- [main] w.s.c.ServletWebServerApplicationContext : Root WebApplicationContext: initialization completed in 1358 ms
16:27:21:038  INFO 27032 --- [main] pertySourcedRequestMappingHandlerMapping : Mapped URL path [/v2/api-docs] onto method [springfox.documentation.swagger2.web.Swagger2ControllerWebMvc#getDocumentation(String, HttpServletRequest)]
16:27:21:594  INFO 27032 --- [main] o.s.b.w.embedded.tomcat.TomcatWebServer  : Tomcat started on port(s): 8080 (http) with context path ''
16:27:21:595  INFO 27032 --- [main] d.s.w.p.DocumentationPluginsBootstrapper : Documentation plugins bootstrapped
16:27:21:597  INFO 27032 --- [main] d.s.w.p.DocumentationPluginsBootstrapper : Found 1 custom documentation plugin(s)
16:27:21:620  INFO 27032 --- [main] s.d.s.w.s.ApiListingReferenceScanner     : Scanning for api listing references
16:27:21:761  INFO 27032 --- [main] com.mall.HMallApplication               : Started HMallApplication in 4.316 seconds (JVM running for 5.131)
09:30:35:145  INFO 50836 --- [main] com.mall.HMallApplication                : Starting HMallApplication using Java 11.0.23 on LAPTOP-NL1G80MQ with PID 50836 (E:\Java_Program\Idea\mall\mall-service\target\classes started by Master in E:\Java_Program\Idea\mall)
09:30:35:148  INFO 50836 --- [main] com.mall.HMallApplication                : The following 1 profile is active: "local"
09:30:35:870  INFO 50836 --- [main] .s.d.r.c.RepositoryConfigurationDelegate : Multiple Spring Data modules found, entering strict repository configuration mode
09:30:35:873  INFO 50836 --- [main] .s.d.r.c.RepositoryConfigurationDelegate : Bootstrapping Spring Data Redis repositories in DEFAULT mode.
09:30:35:897  INFO 50836 --- [main] .s.d.r.c.RepositoryConfigurationDelegate : Finished Spring Data repository scanning in 10 ms. Found 0 Redis repository interfaces.
09:30:36:370  INFO 50836 --- [main] o.s.b.w.embedded.tomcat.TomcatWebServer  : Tomcat initialized with port(s): 8080 (http)
09:30:36:378  INFO 50836 --- [main] o.apache.catalina.core.StandardService   : Starting service [Tomcat]
09:30:36:378  INFO 50836 --- [main] org.apache.catalina.core.StandardEngine  : Starting Servlet engine: [Apache Tomcat/9.0.75]
09:30:36:491  INFO 50836 --- [main] o.a.c.c.C.[Tomcat].[localhost].[/]       : Initializing Spring embedded WebApplicationContext
09:30:36:534  INFO 50836 --- [main] w.s.c.ServletWebServerApplicationContext : Root WebApplicationContext: initialization completed in 1346 ms
09:30:38:587  INFO 50836 --- [main] pertySourcedRequestMappingHandlerMapping : Mapped URL path [/v2/api-docs] onto method [springfox.documentation.swagger2.web.Swagger2ControllerWebMvc#getDocumentation(String, HttpServletRequest)]
09:30:39:116  INFO 50836 --- [main] o.s.b.w.embedded.tomcat.TomcatWebServer  : Tomcat started on port(s): 8080 (http) with context path ''
09:30:39:117  INFO 50836 --- [main] d.s.w.p.DocumentationPluginsBootstrapper : Documentation plugins bootstrapped
09:30:39:120  INFO 50836 --- [main] d.s.w.p.DocumentationPluginsBootstrapper : Found 1 custom documentation plugin(s)
09:30:39:145  INFO 50836 --- [main] s.d.s.w.s.ApiListingReferenceScanner     : Scanning for api listing references
09:30:39:157  INFO 50836 --- [main] com.mall.HMallApplication                : Started HMallApplication in 4.386 seconds (JVM running for 5.331)
